{TOK_EOL, }
{TOK_KEYWORD, "import"}  {TOK_STRING, "ifj25"}  {TOK_KEYWORD, "for"}  {TOK_KEYWORD, "Ifj"}  {TOK_EOL, }
{TOK_KEYWORD, "class"}  {TOK_IDENTIFIER, "Program"}  {TOK_LBRACE, NULL}{TOK_EOL, }
{TOK_EOL, }
{TOK_KEYWORD, "static"}  {TOK_IDENTIFIER, "main"}  {TOK_LPAREN, NULL}{TOK_RPAREN, NULL}{TOK_LBRACE, NULL}{TOK_EOL, }
{TOK_EOL, }
{TOK_EOL, }
{TOK_GID, "__d"}  {TOK_ASSIGN, NULL}{TOK_KEYWORD, "Ifj"}  {TOK_DOT, NULL}{TOK_IDENTIFIER, "write"}  {TOK_LPAREN, NULL}{TOK_STRING, "Zadejte cislo pro vypocet faktorialu: "}  {TOK_RPAREN, NULL}{TOK_EOL, }
{TOK_KEYWORD, "var"}  {TOK_IDENTIFIER, "inp"}  {TOK_EOL, }
{TOK_IDENTIFIER, "inp"}  {TOK_ASSIGN, NULL}{TOK_KEYWORD, "Ifj"}  {TOK_DOT, NULL}{TOK_IDENTIFIER, "read_num"}  {TOK_LPAREN, NULL}{TOK_RPAREN, NULL}{TOK_EOL, }
{TOK_KEYWORD, "if"}  {TOK_LPAREN, NULL}{TOK_IDENTIFIER, "inp"}  {TOK_NE, NULL}{TOK_KEYWORD, "null"}  {TOK_RPAREN, NULL}{TOK_LBRACE, NULL}{TOK_EOL, }
{TOK_KEYWORD, "if"}  {TOK_LPAREN, NULL}{TOK_IDENTIFIER, "inp"}  {TOK_LT, NULL}{TOK_INT, "0"}  {TOK_RPAREN, NULL}{TOK_LBRACE, NULL}{TOK_EOL, }
{TOK_GID, "__d"}  {TOK_ASSIGN, NULL}{TOK_KEYWORD, "Ifj"}  {TOK_DOT, NULL}{TOK_IDENTIFIER, "write"}  {TOK_LPAREN, NULL}{TOK_STRING, "Faktorial nelze spocitat!
"}  {TOK_RPAREN, NULL}{TOK_EOL, }
{TOK_RBRACE, NULL}{TOK_KEYWORD, "else"}  {TOK_LBRACE, NULL}{TOK_EOL, }
{TOK_EOL, }
{TOK_KEYWORD, "var"}  {TOK_IDENTIFIER, "inpFloored"}  {TOK_EOL, }
{TOK_IDENTIFIER, "inpFloored"}  {TOK_ASSIGN, NULL}{TOK_KEYWORD, "Ifj"}  {TOK_DOT, NULL}{TOK_IDENTIFIER, "floor"}  {TOK_LPAREN, NULL}{TOK_IDENTIFIER, "inp"}  {TOK_RPAREN, NULL}{TOK_EOL, }
{TOK_KEYWORD, "if"}  {TOK_LPAREN, NULL}{TOK_IDENTIFIER, "inp"}  {TOK_EQ, NULL}{TOK_IDENTIFIER, "inpFloored"}  {TOK_RPAREN, NULL}{TOK_LBRACE, NULL}{TOK_EOL, }
{TOK_KEYWORD, "var"}  {TOK_IDENTIFIER, "vysl"}  {TOK_EOL, }
{TOK_IDENTIFIER, "vysl"}  {TOK_ASSIGN, NULL}{TOK_IDENTIFIER, "factorial"}  {TOK_LPAREN, NULL}{TOK_IDENTIFIER, "inp"}  {TOK_RPAREN, NULL}{TOK_EOL, }
{TOK_IDENTIFIER, "vysl"}  {TOK_ASSIGN, NULL}{TOK_KEYWORD, "Ifj"}  {TOK_DOT, NULL}{TOK_IDENTIFIER, "str"}  {TOK_LPAREN, NULL}{TOK_IDENTIFIER, "vysl"}  {TOK_RPAREN, NULL}{TOK_EOL, }
{TOK_GID, "__d"}  {TOK_ASSIGN, NULL}{TOK_KEYWORD, "Ifj"}  {TOK_DOT, NULL}{TOK_IDENTIFIER, "write"}  {TOK_LPAREN, NULL}{TOK_STRING, "Vysledek: "}  {TOK_RPAREN, NULL}{TOK_EOL, }
{TOK_GID, "__d"}  {TOK_ASSIGN, NULL}{TOK_KEYWORD, "Ifj"}  {TOK_DOT, NULL}{TOK_IDENTIFIER, "write"}  {TOK_LPAREN, NULL}{TOK_IDENTIFIER, "vysl"}  {TOK_RPAREN, NULL}{TOK_EOL, }
{TOK_GID, "__d"}  {TOK_ASSIGN, NULL}{TOK_KEYWORD, "Ifj"}  {TOK_DOT, NULL}{TOK_IDENTIFIER, "write"}  {TOK_LPAREN, NULL}{TOK_STRING, "
"}  {TOK_RPAREN, NULL}{TOK_EOL, }
{TOK_RBRACE, NULL}{TOK_KEYWORD, "else"}  {TOK_LBRACE, NULL}{TOK_EOL, }
{TOK_GID, "__d"}  {TOK_ASSIGN, NULL}{TOK_KEYWORD, "Ifj"}  {TOK_DOT, NULL}{TOK_IDENTIFIER, "write"}  {TOK_LPAREN, NULL}{TOK_STRING, "Cislo neni cele!
"}  {TOK_RPAREN, NULL}{TOK_EOL, }
{TOK_RBRACE, NULL}{TOK_EOL, }
{TOK_RBRACE, NULL}{TOK_EOL, }
{TOK_RBRACE, NULL}{TOK_KEYWORD, "else"}  {TOK_LBRACE, NULL}{TOK_EOL, }
{TOK_GID, "__d"}  {TOK_ASSIGN, NULL}{TOK_KEYWORD, "Ifj"}  {TOK_DOT, NULL}{TOK_IDENTIFIER, "write"}  {TOK_LPAREN, NULL}{TOK_STRING, "Chyba pri nacitani celeho cisla!
"}  {TOK_RPAREN, NULL}{TOK_EOL, }
{TOK_RBRACE, NULL}{TOK_EOL, }
{TOK_RBRACE, NULL}{TOK_EOL, }
{TOK_EOL, }
{TOK_KEYWORD, "static"}  {TOK_IDENTIFIER, "factorial"}  {TOK_LPAREN, NULL}{TOK_IDENTIFIER, "n"}  {TOK_RPAREN, NULL}{TOK_LBRACE, NULL}{TOK_EOL, }
{TOK_KEYWORD, "var"}  {TOK_IDENTIFIER, "result"}  {TOK_EOL, }
{TOK_KEYWORD, "if"}  {TOK_LPAREN, NULL}{TOK_IDENTIFIER, "n"}  {TOK_LT, NULL}{TOK_INT, "2"}  {TOK_RPAREN, NULL}{TOK_LBRACE, NULL}{TOK_EOL, }
{TOK_IDENTIFIER, "result"}  {TOK_ASSIGN, NULL}{TOK_INT, "1"}  {TOK_EOL, }
{TOK_RBRACE, NULL}{TOK_KEYWORD, "else"}  {TOK_LBRACE, NULL}{TOK_EOL, }
{TOK_KEYWORD, "var"}  {TOK_IDENTIFIER, "decremented_n"}  {TOK_EOL, }
{TOK_IDENTIFIER, "decremented_n"}  {TOK_ASSIGN, NULL}{TOK_IDENTIFIER, "n"}  {TOK_MINUS, NULL}{TOK_INT, "1"}  {TOK_EOL, }
{TOK_IDENTIFIER, "result"}  {TOK_ASSIGN, NULL}{TOK_IDENTIFIER, "factorial"}  {TOK_LPAREN, NULL}{TOK_IDENTIFIER, "decremented_n"}  {TOK_RPAREN, NULL}{TOK_EOL, }
{TOK_IDENTIFIER, "result"}  {TOK_ASSIGN, NULL}{TOK_IDENTIFIER, "n"}  {TOK_STAR, NULL}{TOK_IDENTIFIER, "result"}  {TOK_EOL, }
{TOK_RBRACE, NULL}{TOK_EOL, }
{TOK_KEYWORD, "return"}  {TOK_IDENTIFIER, "result"}  {TOK_EOL, }
{TOK_RBRACE, NULL}{TOK_EOL, }
{TOK_RBRACE, NULL}{TOK_EOL, }
{TOK_EOF, NULL}